app/buildz/intermediates/manifest_merge_blame_file/debug/manifest-merger-blame-debug-report.txt
1<?xml version="1.0" encoding="utf-8"?>
2<manifest xmlns:android="http://schemas.android.com/apk/res/android"
3    package="com.bits.bee.bpmc"
4    android:versionCode="1"
5    android:versionName="1.0" >
6
7    <uses-sdk
8        android:minSdkVersion="21"
8-->src/main/AndroidManifest.xml
9        android:targetSdkVersion="32" />
9-->src/main/AndroidManifest.xml
10
11    <uses-permission android:name="android.permission.ACCESS_NETWORK_STATE" />
11-->src/main/AndroidManifest.xml:6:5-79
11-->src/main/AndroidManifest.xml:6:22-76
12    <uses-permission android:name="android.permission.INTERNET" />
12-->src/main/AndroidManifest.xml:7:5-67
12-->src/main/AndroidManifest.xml:7:22-64
13    <uses-permission android:name="android.permission.ACCESS_COARSE_LOCATION" />
13-->src/main/AndroidManifest.xml:8:5-81
13-->src/main/AndroidManifest.xml:8:22-78
14    <uses-permission android:name="android.permission.ACCESS_FINE_LOCATION" />
14-->src/main/AndroidManifest.xml:9:5-78
14-->src/main/AndroidManifest.xml:9:22-76
15    <!-- Bluetooth Permission -->
16    <uses-permission
16-->src/main/AndroidManifest.xml:11:5-94
17        android:name="android.permission.BLUETOOTH"
17-->src/main/AndroidManifest.xml:11:22-65
18        android:maxSdkVersion="30" />
18-->src/main/AndroidManifest.xml:11:66-92
19    <uses-permission
19-->src/main/AndroidManifest.xml:12:5-100
20        android:name="android.permission.BLUETOOTH_ADMIN"
20-->src/main/AndroidManifest.xml:12:22-71
21        android:maxSdkVersion="30" />
21-->src/main/AndroidManifest.xml:12:72-98
22    <uses-permission android:name="android.permission.BLUETOOTH_SCAN" />
22-->src/main/AndroidManifest.xml:13:5-73
22-->src/main/AndroidManifest.xml:13:22-70
23    <uses-permission android:name="android.permission.BLUETOOTH_CONNECT" />
23-->src/main/AndroidManifest.xml:14:5-76
23-->src/main/AndroidManifest.xml:14:22-73
24    <!-- end Bluetooth -->
25    <!-- hardware option -->
26    <uses-feature
26-->src/main/AndroidManifest.xml:17:5-86
27        android:name="android.hardware.bluetooth"
27-->src/main/AndroidManifest.xml:17:19-60
28        android:required="true" />
28-->src/main/AndroidManifest.xml:17:61-84
29    <uses-feature
29-->src/main/AndroidManifest.xml:18:5-89
30        android:name="android.hardware.bluetooth_le"
30-->src/main/AndroidManifest.xml:18:19-63
31        android:required="true" />
31-->src/main/AndroidManifest.xml:18:64-87
32
33    <uses-permission android:name="android.permission.CAMERA" />
33-->src/main/AndroidManifest.xml:19:5-64
33-->src/main/AndroidManifest.xml:19:22-62
34    <uses-permission android:name="android.permission.READ_EXTERNAL_STORAGE" />
34-->src/main/AndroidManifest.xml:20:5-80
34-->src/main/AndroidManifest.xml:20:22-77
35    <uses-permission android:name="android.permission.WRITE_EXTERNAL_STORAGE" />
35-->src/main/AndroidManifest.xml:21:5-81
35-->src/main/AndroidManifest.xml:21:22-78
36    <uses-permission android:name="android.permission.WAKE_LOCK" />
36-->[androidx.work:work-runtime:2.3.4] AndroidManifest.xml:25:5-68
36-->[androidx.work:work-runtime:2.3.4] AndroidManifest.xml:25:22-65
37    <uses-permission android:name="android.permission.RECEIVE_BOOT_COMPLETED" />
37-->[androidx.work:work-runtime:2.3.4] AndroidManifest.xml:27:5-81
37-->[androidx.work:work-runtime:2.3.4] AndroidManifest.xml:27:22-78
38    <uses-permission android:name="android.permission.FOREGROUND_SERVICE" />
38-->[androidx.work:work-runtime:2.3.4] AndroidManifest.xml:28:5-77
38-->[androidx.work:work-runtime:2.3.4] AndroidManifest.xml:28:22-74
39
40    <application
40-->src/main/AndroidManifest.xml:23:5-63:19
41        android:name="com.bits.bee.bpmc.utils.BPMApp"
41-->src/main/AndroidManifest.xml:24:9-37
42        android:allowBackup="false"
42-->src/main/AndroidManifest.xml:26:9-36
43        android:appComponentFactory="androidx.core.app.CoreComponentFactory"
43-->[androidx.core:core:1.8.0] AndroidManifest.xml:24:18-86
44        android:dataExtractionRules="@xml/data_extraction_rules"
44-->src/main/AndroidManifest.xml:35:9-65
45        android:debuggable="true"
46        android:icon="@mipmap/ic_launcher"
46-->src/main/AndroidManifest.xml:27:9-43
47        android:label="@string/app_name"
47-->src/main/AndroidManifest.xml:28:9-41
48        android:networkSecurityConfig="@xml/network_security_config"
48-->src/main/AndroidManifest.xml:34:9-69
49        android:requestLegacyExternalStorage="true"
49-->src/main/AndroidManifest.xml:32:9-52
50        android:roundIcon="@mipmap/ic_launcher_round"
50-->src/main/AndroidManifest.xml:29:9-54
51        android:supportsRtl="true"
51-->src/main/AndroidManifest.xml:30:9-35
52        android:theme="@style/Theme.BeeposMobile"
52-->src/main/AndroidManifest.xml:31:9-50
53        android:usesCleartextTraffic="true" >
53-->src/main/AndroidManifest.xml:33:9-44
54        <activity
54-->src/main/AndroidManifest.xml:37:9-49:20
55            android:name="com.bits.bee.bpmc.presentation.ui.splash.SplashScreenActivity"
55-->src/main/AndroidManifest.xml:38:13-89
56            android:exported="true" >
56-->src/main/AndroidManifest.xml:39:13-36
57            <intent-filter>
57-->src/main/AndroidManifest.xml:41:13-47:29
58                <action android:name="android.intent.action.MAIN" />
58-->src/main/AndroidManifest.xml:42:17-69
58-->src/main/AndroidManifest.xml:42:25-66
59
60                <category android:name="android.intent.category.LAUNCHER" />
60-->src/main/AndroidManifest.xml:44:17-77
60-->src/main/AndroidManifest.xml:44:27-74
61
62                <action android:name="android.intent.action.VIEW" />
62-->src/main/AndroidManifest.xml:46:17-69
62-->src/main/AndroidManifest.xml:46:25-66
63            </intent-filter>
64        </activity>
65        <activity
65-->src/main/AndroidManifest.xml:51:9-53:38
66            android:name="com.bits.bee.bpmc.presentation.ui.initial.InitialActivity"
66-->src/main/AndroidManifest.xml:52:13-85
67            android:exported="true" />
67-->src/main/AndroidManifest.xml:53:13-36
68        <activity
68-->src/main/AndroidManifest.xml:55:9-57:20
69            android:name="com.bits.bee.bpmc.presentation.ui.home.HomeActivity"
69-->src/main/AndroidManifest.xml:55:19-68
70            android:exported="true" >
70-->src/main/AndroidManifest.xml:55:69-92
71        </activity>
72        <activity
72-->src/main/AndroidManifest.xml:59:9-93
73            android:name="com.bits.bee.bpmc.presentation.ui.pos.MainActivity"
73-->src/main/AndroidManifest.xml:59:19-67
74            android:exported="true" />
74-->src/main/AndroidManifest.xml:59:68-91
75        <activity android:name="com.bits.bee.bpmc.presentation.ui.download.DownloadActivity" />
75-->src/main/AndroidManifest.xml:61:9-78
75-->src/main/AndroidManifest.xml:61:19-76
76
77        <uses-library
77-->[androidx.window:window:1.0.0] AndroidManifest.xml:25:9-27:40
78            android:name="androidx.window.extensions"
78-->[androidx.window:window:1.0.0] AndroidManifest.xml:26:13-54
79            android:required="false" />
79-->[androidx.window:window:1.0.0] AndroidManifest.xml:27:13-37
80        <uses-library
80-->[androidx.window:window:1.0.0] AndroidManifest.xml:28:9-30:40
81            android:name="androidx.window.sidecar"
81-->[androidx.window:window:1.0.0] AndroidManifest.xml:29:13-51
82            android:required="false" />
82-->[androidx.window:window:1.0.0] AndroidManifest.xml:30:13-37
83
84        <provider
84-->[androidx.emoji2:emoji2:1.2.0] AndroidManifest.xml:24:9-32:20
85            android:name="androidx.startup.InitializationProvider"
85-->[androidx.emoji2:emoji2:1.2.0] AndroidManifest.xml:25:13-67
86            android:authorities="com.bits.bee.bpmc.androidx-startup"
86-->[androidx.emoji2:emoji2:1.2.0] AndroidManifest.xml:26:13-68
87            android:exported="false" >
87-->[androidx.emoji2:emoji2:1.2.0] AndroidManifest.xml:27:13-37
88            <meta-data
88-->[androidx.emoji2:emoji2:1.2.0] AndroidManifest.xml:29:13-31:52
89                android:name="androidx.emoji2.text.EmojiCompatInitializer"
89-->[androidx.emoji2:emoji2:1.2.0] AndroidManifest.xml:30:17-75
90                android:value="androidx.startup" />
90-->[androidx.emoji2:emoji2:1.2.0] AndroidManifest.xml:31:17-49
91            <meta-data
91-->[androidx.lifecycle:lifecycle-process:2.4.1] AndroidManifest.xml:31:13-33:52
92                android:name="androidx.lifecycle.ProcessLifecycleInitializer"
92-->[androidx.lifecycle:lifecycle-process:2.4.1] AndroidManifest.xml:32:17-78
93                android:value="androidx.startup" />
93-->[androidx.lifecycle:lifecycle-process:2.4.1] AndroidManifest.xml:33:17-49
94        </provider>
95        <provider
95-->[androidx.work:work-runtime:2.3.4] AndroidManifest.xml:31:9-37:35
96            android:name="androidx.work.impl.WorkManagerInitializer"
96-->[androidx.work:work-runtime:2.3.4] AndroidManifest.xml:32:13-69
97            android:authorities="com.bits.bee.bpmc.workmanager-init"
97-->[androidx.work:work-runtime:2.3.4] AndroidManifest.xml:33:13-68
98            android:directBootAware="false"
98-->[androidx.work:work-runtime:2.3.4] AndroidManifest.xml:34:13-44
99            android:exported="false"
99-->[androidx.work:work-runtime:2.3.4] AndroidManifest.xml:35:13-37
100            android:multiprocess="true" />
100-->[androidx.work:work-runtime:2.3.4] AndroidManifest.xml:36:13-40
101
102        <service
102-->[androidx.work:work-runtime:2.3.4] AndroidManifest.xml:39:9-44:35
103            android:name="androidx.work.impl.background.systemalarm.SystemAlarmService"
103-->[androidx.work:work-runtime:2.3.4] AndroidManifest.xml:40:13-88
104            android:directBootAware="false"
104-->[androidx.work:work-runtime:2.3.4] AndroidManifest.xml:41:13-44
105            android:enabled="@bool/enable_system_alarm_service_default"
105-->[androidx.work:work-runtime:2.3.4] AndroidManifest.xml:42:13-72
106            android:exported="false" />
106-->[androidx.work:work-runtime:2.3.4] AndroidManifest.xml:43:13-37
107        <service
107-->[androidx.work:work-runtime:2.3.4] AndroidManifest.xml:45:9-51:35
108            android:name="androidx.work.impl.background.systemjob.SystemJobService"
108-->[androidx.work:work-runtime:2.3.4] AndroidManifest.xml:46:13-84
109            android:directBootAware="false"
109-->[androidx.work:work-runtime:2.3.4] AndroidManifest.xml:47:13-44
110            android:enabled="@bool/enable_system_job_service_default"
110-->[androidx.work:work-runtime:2.3.4] AndroidManifest.xml:48:13-70
111            android:exported="true"
111-->[androidx.work:work-runtime:2.3.4] AndroidManifest.xml:49:13-36
112            android:permission="android.permission.BIND_JOB_SERVICE" />
112-->[androidx.work:work-runtime:2.3.4] AndroidManifest.xml:50:13-69
113        <service
113-->[androidx.work:work-runtime:2.3.4] AndroidManifest.xml:52:9-57:35
114            android:name="androidx.work.impl.foreground.SystemForegroundService"
114-->[androidx.work:work-runtime:2.3.4] AndroidManifest.xml:53:13-81
115            android:directBootAware="false"
115-->[androidx.work:work-runtime:2.3.4] AndroidManifest.xml:54:13-44
116            android:enabled="@bool/enable_system_foreground_service_default"
116-->[androidx.work:work-runtime:2.3.4] AndroidManifest.xml:55:13-77
117            android:exported="false" />
117-->[androidx.work:work-runtime:2.3.4] AndroidManifest.xml:56:13-37
118
119        <receiver
119-->[androidx.work:work-runtime:2.3.4] AndroidManifest.xml:59:9-64:35
120            android:name="androidx.work.impl.utils.ForceStopRunnable$BroadcastReceiver"
120-->[androidx.work:work-runtime:2.3.4] AndroidManifest.xml:60:13-88
121            android:directBootAware="false"
121-->[androidx.work:work-runtime:2.3.4] AndroidManifest.xml:61:13-44
122            android:enabled="true"
122-->[androidx.work:work-runtime:2.3.4] AndroidManifest.xml:62:13-35
123            android:exported="false" />
123-->[androidx.work:work-runtime:2.3.4] AndroidManifest.xml:63:13-37
124        <receiver
124-->[androidx.work:work-runtime:2.3.4] AndroidManifest.xml:65:9-75:20
125            android:name="androidx.work.impl.background.systemalarm.ConstraintProxy$BatteryChargingProxy"
125-->[androidx.work:work-runtime:2.3.4] AndroidManifest.xml:66:13-106
126            android:directBootAware="false"
126-->[androidx.work:work-runtime:2.3.4] AndroidManifest.xml:67:13-44
127            android:enabled="false"
127-->[androidx.work:work-runtime:2.3.4] AndroidManifest.xml:68:13-36
128            android:exported="false" >
128-->[androidx.work:work-runtime:2.3.4] AndroidManifest.xml:69:13-37
129            <intent-filter>
129-->[androidx.work:work-runtime:2.3.4] AndroidManifest.xml:71:13-74:29
130                <action android:name="android.intent.action.ACTION_POWER_CONNECTED" />
130-->[androidx.work:work-runtime:2.3.4] AndroidManifest.xml:72:17-87
130-->[androidx.work:work-runtime:2.3.4] AndroidManifest.xml:72:25-84
131                <action android:name="android.intent.action.ACTION_POWER_DISCONNECTED" />
131-->[androidx.work:work-runtime:2.3.4] AndroidManifest.xml:73:17-90
131-->[androidx.work:work-runtime:2.3.4] AndroidManifest.xml:73:25-87
132            </intent-filter>
133        </receiver>
134        <receiver
134-->[androidx.work:work-runtime:2.3.4] AndroidManifest.xml:76:9-86:20
135            android:name="androidx.work.impl.background.systemalarm.ConstraintProxy$BatteryNotLowProxy"
135-->[androidx.work:work-runtime:2.3.4] AndroidManifest.xml:77:13-104
136            android:directBootAware="false"
136-->[androidx.work:work-runtime:2.3.4] AndroidManifest.xml:78:13-44
137            android:enabled="false"
137-->[androidx.work:work-runtime:2.3.4] AndroidManifest.xml:79:13-36
138            android:exported="false" >
138-->[androidx.work:work-runtime:2.3.4] AndroidManifest.xml:80:13-37
139            <intent-filter>
139-->[androidx.work:work-runtime:2.3.4] AndroidManifest.xml:82:13-85:29
140                <action android:name="android.intent.action.BATTERY_OKAY" />
140-->[androidx.work:work-runtime:2.3.4] AndroidManifest.xml:83:17-77
140-->[androidx.work:work-runtime:2.3.4] AndroidManifest.xml:83:25-74
141                <action android:name="android.intent.action.BATTERY_LOW" />
141-->[androidx.work:work-runtime:2.3.4] AndroidManifest.xml:84:17-76
141-->[androidx.work:work-runtime:2.3.4] AndroidManifest.xml:84:25-73
142            </intent-filter>
143        </receiver>
144        <receiver
144-->[androidx.work:work-runtime:2.3.4] AndroidManifest.xml:87:9-97:20
145            android:name="androidx.work.impl.background.systemalarm.ConstraintProxy$StorageNotLowProxy"
145-->[androidx.work:work-runtime:2.3.4] AndroidManifest.xml:88:13-104
146            android:directBootAware="false"
146-->[androidx.work:work-runtime:2.3.4] AndroidManifest.xml:89:13-44
147            android:enabled="false"
147-->[androidx.work:work-runtime:2.3.4] AndroidManifest.xml:90:13-36
148            android:exported="false" >
148-->[androidx.work:work-runtime:2.3.4] AndroidManifest.xml:91:13-37
149            <intent-filter>
149-->[androidx.work:work-runtime:2.3.4] AndroidManifest.xml:93:13-96:29
150                <action android:name="android.intent.action.DEVICE_STORAGE_LOW" />
150-->[androidx.work:work-runtime:2.3.4] AndroidManifest.xml:94:17-83
150-->[androidx.work:work-runtime:2.3.4] AndroidManifest.xml:94:25-80
151                <action android:name="android.intent.action.DEVICE_STORAGE_OK" />
151-->[androidx.work:work-runtime:2.3.4] AndroidManifest.xml:95:17-82
151-->[androidx.work:work-runtime:2.3.4] AndroidManifest.xml:95:25-79
152            </intent-filter>
153        </receiver>
154        <receiver
154-->[androidx.work:work-runtime:2.3.4] AndroidManifest.xml:98:9-107:20
155            android:name="androidx.work.impl.background.systemalarm.ConstraintProxy$NetworkStateProxy"
155-->[androidx.work:work-runtime:2.3.4] AndroidManifest.xml:99:13-103
156            android:directBootAware="false"
156-->[androidx.work:work-runtime:2.3.4] AndroidManifest.xml:100:13-44
157            android:enabled="false"
157-->[androidx.work:work-runtime:2.3.4] AndroidManifest.xml:101:13-36
158            android:exported="false" >
158-->[androidx.work:work-runtime:2.3.4] AndroidManifest.xml:102:13-37
159            <intent-filter>
159-->[androidx.work:work-runtime:2.3.4] AndroidManifest.xml:104:13-106:29
160                <action android:name="android.net.conn.CONNECTIVITY_CHANGE" />
160-->[androidx.work:work-runtime:2.3.4] AndroidManifest.xml:105:17-79
160-->[androidx.work:work-runtime:2.3.4] AndroidManifest.xml:105:25-76
161            </intent-filter>
162        </receiver>
163        <receiver
163-->[androidx.work:work-runtime:2.3.4] AndroidManifest.xml:108:9-119:20
164            android:name="androidx.work.impl.background.systemalarm.RescheduleReceiver"
164-->[androidx.work:work-runtime:2.3.4] AndroidManifest.xml:109:13-88
165            android:directBootAware="false"
165-->[androidx.work:work-runtime:2.3.4] AndroidManifest.xml:110:13-44
166            android:enabled="false"
166-->[androidx.work:work-runtime:2.3.4] AndroidManifest.xml:111:13-36
167            android:exported="false" >
167-->[androidx.work:work-runtime:2.3.4] AndroidManifest.xml:112:13-37
168            <intent-filter>
168-->[androidx.work:work-runtime:2.3.4] AndroidManifest.xml:114:13-118:29
169                <action android:name="android.intent.action.BOOT_COMPLETED" />
169-->[androidx.work:work-runtime:2.3.4] AndroidManifest.xml:115:17-79
169-->[androidx.work:work-runtime:2.3.4] AndroidManifest.xml:115:25-76
170                <action android:name="android.intent.action.TIME_SET" />
170-->[androidx.work:work-runtime:2.3.4] AndroidManifest.xml:116:17-73
170-->[androidx.work:work-runtime:2.3.4] AndroidManifest.xml:116:25-70
171                <action android:name="android.intent.action.TIMEZONE_CHANGED" />
171-->[androidx.work:work-runtime:2.3.4] AndroidManifest.xml:117:17-81
171-->[androidx.work:work-runtime:2.3.4] AndroidManifest.xml:117:25-78
172            </intent-filter>
173        </receiver>
174        <receiver
174-->[androidx.work:work-runtime:2.3.4] AndroidManifest.xml:120:9-129:20
175            android:name="androidx.work.impl.background.systemalarm.ConstraintProxyUpdateReceiver"
175-->[androidx.work:work-runtime:2.3.4] AndroidManifest.xml:121:13-99
176            android:directBootAware="false"
176-->[androidx.work:work-runtime:2.3.4] AndroidManifest.xml:122:13-44
177            android:enabled="@bool/enable_system_alarm_service_default"
177-->[androidx.work:work-runtime:2.3.4] AndroidManifest.xml:123:13-72
178            android:exported="false" >
178-->[androidx.work:work-runtime:2.3.4] AndroidManifest.xml:124:13-37
179            <intent-filter>
179-->[androidx.work:work-runtime:2.3.4] AndroidManifest.xml:126:13-128:29
180                <action android:name="androidx.work.impl.background.systemalarm.UpdateProxies" />
180-->[androidx.work:work-runtime:2.3.4] AndroidManifest.xml:127:17-98
180-->[androidx.work:work-runtime:2.3.4] AndroidManifest.xml:127:25-95
181            </intent-filter>
182        </receiver>
183
184        <service
184-->[androidx.room:room-runtime:2.4.2] AndroidManifest.xml:25:9-28:40
185            android:name="androidx.room.MultiInstanceInvalidationService"
185-->[androidx.room:room-runtime:2.4.2] AndroidManifest.xml:26:13-74
186            android:directBootAware="true"
186-->[androidx.room:room-runtime:2.4.2] AndroidManifest.xml:27:13-43
187            android:exported="false" />
187-->[androidx.room:room-runtime:2.4.2] AndroidManifest.xml:28:13-37
188    </application>
189
190</manifest>